#
# There is insufficient memory for the Java Runtime Environment to continue.
# Native memory allocation (mmap) failed to map 112197632 bytes for committing reserved memory.
# Possible reasons:
#   The system is out of physical RAM or swap space
#   In 32 bit mode, the process size limit was hit
# Possible solutions:
#   Reduce memory load on the system
#   Increase physical memory or swap space
#   Check if swap backing store is full
#   Use 64 bit Java on a 64 bit OS
#   Decrease Java heap size (-Xmx/-Xms)
#   Decrease number of Java threads
#   Decrease Java thread stack sizes (-Xss)
#   Set larger code cache with -XX:ReservedCodeCacheSize=
# This output file may be truncated or incomplete.
#
#  Out of Memory Error (os_linux.cpp:2640), pid=16374, tid=0x00007f45fc9f9700
#
# JRE version: OpenJDK Runtime Environment (8.0_144-b01) (build 1.8.0_144-b01)
# Java VM: OpenJDK 64-Bit Server VM (25.144-b01 mixed mode linux-amd64 compressed oops)
# Core dump written. Default location: /home/elect/GitHub/fool/core or core.16374
#

---------------  T H R E A D  ---------------

Current thread (0x00007f460c07f800):  VMThread [stack: 0x00007f45fc8f9000,0x00007f45fc9fa000] [id=16383]

Stack: [0x00007f45fc8f9000,0x00007f45fc9fa000],  sp=0x00007f45fc9f8480,  free space=1021k
Native frames: (J=compiled Java code, j=interpreted, Vv=VM code, C=native code)
V  [libjvm.so+0xaa3d82]
V  [libjvm.so+0x4d85e7]
V  [libjvm.so+0x8e0be0]
V  [libjvm.so+0x8db29e]
V  [libjvm.so+0x95af06]
V  [libjvm.so+0x95c278]
V  [libjvm.so+0x958876]
V  [libjvm.so+0x958c0c]
V  [libjvm.so+0x907808]
V  [libjvm.so+0xaa59e2]
V  [libjvm.so+0xaaaa76]
V  [libjvm.so+0xaa82a1]
V  [libjvm.so+0xaa9743]
V  [libjvm.so+0xaa9b27]
V  [libjvm.so+0x8de152]

VM_Operation (0x00007f4614c80310): ParallelGCFailedAllocation, mode: safepoint, requested by thread 0x00007f460c014800


---------------  P R O C E S S  ---------------

Java Threads: ( => current thread )
  0x00007f460c0c5800 JavaThread "Service Thread" daemon [_thread_blocked, id=16389, stack(0x00007f45fc058000,0x00007f45fc159000)]
  0x00007f460c0c2800 JavaThread "C1 CompilerThread1" daemon [_thread_blocked, id=16388, stack(0x00007f45fc159000,0x00007f45fc25a000)]
  0x00007f460c0c0000 JavaThread "C2 CompilerThread0" daemon [_thread_blocked, id=16387, stack(0x00007f45fc25a000,0x00007f45fc35b000)]
  0x00007f460c0be000 JavaThread "Signal Dispatcher" daemon [_thread_blocked, id=16386, stack(0x00007f45fc35b000,0x00007f45fc45c000)]
  0x00007f460c08c000 JavaThread "Finalizer" daemon [_thread_blocked, id=16385, stack(0x00007f45fc6f7000,0x00007f45fc7f8000)]
  0x00007f460c087800 JavaThread "Reference Handler" daemon [_thread_blocked, id=16384, stack(0x00007f45fc7f8000,0x00007f45fc8f9000)]
  0x00007f460c014800 JavaThread "main" [_thread_blocked, id=16379, stack(0x00007f4614b8e000,0x00007f4614c8f000)]

Other Threads:
=>0x00007f460c07f800 VMThread [stack: 0x00007f45fc8f9000,0x00007f45fc9fa000] [id=16383]
  0x00007f460c0c8000 WatcherThread [stack: 0x00007f45ec97f000,0x00007f45eca80000] [id=16390]

VM state:at safepoint (normal execution)

VM Mutex/Monitor currently owned by a thread:  ([mutex/lock_event])
[0x00007f460c011cb0] Threads_lock - owner thread: 0x00007f460c07f800
[0x00007f460c0121b0] Heap_lock - owner thread: 0x00007f460c014800

Heap:
 PSYoungGen      total 116736K, used 6336K [0x00000000dc580000, 0x00000000e3f80000, 0x0000000100000000)
  eden space 109568K, 0% used [0x00000000dc580000,0x00000000dc580000,0x00000000e3080000)
  from space 7168K, 88% used [0x00000000e3080000,0x00000000e36b0040,0x00000000e3780000)
  to   space 6144K, 0% used [0x00000000e3780000,0x00000000e3780000,0x00000000e3d80000)
 ParOldGen       total 73728K, used 3372K [0x0000000095000000, 0x0000000099800000, 0x00000000dc580000)
  object space 73728K, 4% used [0x0000000095000000,0x000000009534b178,0x0000000099800000)
 Metaspace       used 18309K, capacity 20294K, committed 20480K, reserved 1064960K
  class space    used 4063K, capacity 4811K, committed 4864K, reserved 1048576K

Card table byte_map: [0x00007f4611a3e000,0x00007f4611d97000] byte_map_base: 0x00007f4611596000

Marking Bits: (ParMarkBitMap*) 0x00007f4613e78120
 Begin Bits: [0x00007f45eca80000, 0x00007f45ee540000)
 End Bits:   [0x00007f45ee540000, 0x00007f45f0000000)

Polling page: 0x00007f4614cb7000

CodeCache: size=245760Kb used=8654Kb max_used=8665Kb free=237105Kb
 bounds [0x00007f45fd000000, 0x00007f45fd880000, 0x00007f460c000000]
 total_blobs=2471 nmethods=2136 adapters=249
 compilation: enabled

Compilation events (10 events):
Event: 6.698 Thread 0x00007f460c0c0000 nmethod 2138 0x00007f45fd85e350 code [0x00007f45fd85e4c0, 0x00007f45fd85e988]
Event: 6.716 Thread 0x00007f460c0c0000 2139       4       java.lang.String::concat (47 bytes)
Event: 6.719 Thread 0x00007f460c0c0000 nmethod 2139 0x00007f45fd866f50 code [0x00007f45fd8670c0, 0x00007f45fd867478]
Event: 6.739 Thread 0x00007f460c0c0000 2140   !   4       java.lang.ref.Finalizer::add (41 bytes)
Event: 6.740 Thread 0x00007f460c0c0000 nmethod 2140 0x00007f45fd866a90 code [0x00007f45fd866be0, 0x00007f45fd866e78]
Event: 6.740 Thread 0x00007f460c0c0000 2141       4       java.lang.ref.Finalizer::register (10 bytes)
Event: 6.742 Thread 0x00007f460c0c0000 nmethod 2141 0x00007f45fd87e7d0 code [0x00007f45fd87e940, 0x00007f45fd87ec98]
Event: 6.788 Thread 0x00007f460c0c2800 2142       3       clojure.core$identity::invoke (7 bytes)
Event: 6.788 Thread 0x00007f460c0c2800 nmethod 2142 0x00007f45fd86a310 code [0x00007f45fd86a480, 0x00007f45fd86a630]
Event: 6.901 Thread 0x00007f460c0c0000 2143   !   4       java.util.concurrent.ConcurrentHashMap::putVal (362 bytes)

GC Heap History (10 events):
Event: 2.293 GC heap after
Heap after GC invocations=2 (full 0):
 PSYoungGen      total 32256K, used 3021K [0x00000000dc580000, 0x00000000e0480000, 0x0000000100000000)
  eden space 27648K, 0% used [0x00000000dc580000,0x00000000dc580000,0x00000000de080000)
  from space 4608K, 65% used [0x00000000de500000,0x00000000de7f3628,0x00000000de980000)
  to   space 4608K, 0% used [0x00000000de080000,0x00000000de080000,0x00000000de500000)
 ParOldGen       total 73728K, used 16K [0x0000000095000000, 0x0000000099800000, 0x00000000dc580000)
  object space 73728K, 0% used [0x0000000095000000,0x0000000095004000,0x0000000099800000)
 Metaspace       used 7115K, capacity 7892K, committed 8192K, reserved 1056768K
  class space    used 1189K, capacity 1198K, committed 1280K, reserved 1048576K
}
Event: 2.757 GC heap before
{Heap before GC invocations=3 (full 0):
 PSYoungGen      total 32256K, used 30669K [0x00000000dc580000, 0x00000000e0480000, 0x0000000100000000)
  eden space 27648K, 100% used [0x00000000dc580000,0x00000000de080000,0x00000000de080000)
  from space 4608K, 65% used [0x00000000de500000,0x00000000de7f3628,0x00000000de980000)
  to   space 4608K, 0% used [0x00000000de080000,0x00000000de080000,0x00000000de500000)
 ParOldGen       total 73728K, used 16K [0x0000000095000000, 0x0000000099800000, 0x00000000dc580000)
  object space 73728K, 0% used [0x0000000095000000,0x0000000095004000,0x0000000099800000)
 Metaspace       used 8857K, capacity 9462K, committed 9728K, reserved 1056768K
  class space    used 1638K, capacity 1680K, committed 1792K, reserved 1048576K
Event: 2.768 GC heap after
Heap after GC invocations=3 (full 0):
 PSYoungGen      total 32256K, used 3898K [0x00000000dc580000, 0x00000000e0480000, 0x0000000100000000)
  eden space 27648K, 0% used [0x00000000dc580000,0x00000000dc580000,0x00000000de080000)
  from space 4608K, 84% used [0x00000000de080000,0x00000000de44ebd0,0x00000000de500000)
  to   space 4608K, 0% used [0x00000000e0000000,0x00000000e0000000,0x00000000e0480000)
 ParOldGen       total 73728K, used 24K [0x0000000095000000, 0x0000000099800000, 0x00000000dc580000)
  object space 73728K, 0% used [0x0000000095000000,0x0000000095006000,0x0000000099800000)
 Metaspace       used 8857K, capacity 9462K, committed 9728K, reserved 1056768K
  class space    used 1638K, capacity 1680K, committed 1792K, reserved 1048576K
}
Event: 4.636 GC heap before
{Heap before GC invocations=4 (full 0):
 PSYoungGen      total 32256K, used 31546K [0x00000000dc580000, 0x00000000e0480000, 0x0000000100000000)
  eden space 27648K, 100% used [0x00000000dc580000,0x00000000de080000,0x00000000de080000)
  from space 4608K, 84% used [0x00000000de080000,0x00000000de44ebd0,0x00000000de500000)
  to   space 4608K, 0% used [0x00000000e0000000,0x00000000e0000000,0x00000000e0480000)
 ParOldGen       total 73728K, used 24K [0x0000000095000000, 0x0000000099800000, 0x00000000dc580000)
  object space 73728K, 0% used [0x0000000095000000,0x0000000095006000,0x0000000099800000)
 Metaspace       used 10559K, capacity 10806K, committed 11008K, reserved 1058816K
  class space    used 2018K, capacity 2044K, committed 2048K, reserved 1048576K
Event: 4.644 GC heap after
Heap after GC invocations=4 (full 0):
 PSYoungGen      total 59904K, used 4446K [0x00000000dc580000, 0x00000000e0480000, 0x0000000100000000)
  eden space 55296K, 0% used [0x00000000dc580000,0x00000000dc580000,0x00000000dfb80000)
  from space 4608K, 96% used [0x00000000e0000000,0x00000000e0457980,0x00000000e0480000)
  to   space 4608K, 0% used [0x00000000dfb80000,0x00000000dfb80000,0x00000000e0000000)
 ParOldGen       total 73728K, used 32K [0x0000000095000000, 0x0000000099800000, 0x00000000dc580000)
  object space 73728K, 0% used [0x0000000095000000,0x0000000095008000,0x0000000099800000)
 Metaspace       used 10559K, capacity 10806K, committed 11008K, reserved 1058816K
  class space    used 2018K, capacity 2044K, committed 2048K, reserved 1048576K
}
Event: 5.286 GC heap before
{Heap before GC invocations=5 (full 0):
 PSYoungGen      total 59904K, used 59742K [0x00000000dc580000, 0x00000000e0480000, 0x0000000100000000)
  eden space 55296K, 100% used [0x00000000dc580000,0x00000000dfb80000,0x00000000dfb80000)
  from space 4608K, 96% used [0x00000000e0000000,0x00000000e0457980,0x00000000e0480000)
  to   space 4608K, 0% used [0x00000000dfb80000,0x00000000dfb80000,0x00000000e0000000)
 ParOldGen       total 73728K, used 32K [0x0000000095000000, 0x0000000099800000, 0x00000000dc580000)
  object space 73728K, 0% used [0x0000000095000000,0x0000000095008000,0x0000000099800000)
 Metaspace       used 13102K, capacity 13510K, committed 13824K, reserved 1060864K
  class space    used 2599K, capacity 2756K, committed 2816K, reserved 1048576K
Event: 5.301 GC heap after
Heap after GC invocations=5 (full 0):
 PSYoungGen      total 59904K, used 4600K [0x00000000dc580000, 0x00000000e3d80000, 0x0000000100000000)
  eden space 55296K, 0% used [0x00000000dc580000,0x00000000dc580000,0x00000000dfb80000)
  from space 4608K, 99% used [0x00000000dfb80000,0x00000000dfffe070,0x00000000e0000000)
  to   space 6144K, 0% used [0x00000000e3780000,0x00000000e3780000,0x00000000e3d80000)
 ParOldGen       total 73728K, used 1393K [0x0000000095000000, 0x0000000099800000, 0x00000000dc580000)
  object space 73728K, 1% used [0x0000000095000000,0x000000009515c510,0x0000000099800000)
 Metaspace       used 13102K, capacity 13510K, committed 13824K, reserved 1060864K
  class space    used 2599K, capacity 2756K, committed 2816K, reserved 1048576K
}
Event: 5.762 GC heap before
{Heap before GC invocations=6 (full 0):
 PSYoungGen      total 59904K, used 59896K [0x00000000dc580000, 0x00000000e3d80000, 0x0000000100000000)
  eden space 55296K, 100% used [0x00000000dc580000,0x00000000dfb80000,0x00000000dfb80000)
  from space 4608K, 99% used [0x00000000dfb80000,0x00000000dfffe070,0x00000000e0000000)
  to   space 6144K, 0% used [0x00000000e3780000,0x00000000e3780000,0x00000000e3d80000)
 ParOldGen       total 73728K, used 1393K [0x0000000095000000, 0x0000000099800000, 0x00000000dc580000)
  object space 73728K, 1% used [0x0000000095000000,0x000000009515c510,0x0000000099800000)
 Metaspace       used 15277K, capacity 16496K, committed 16640K, reserved 1062912K
  class space    used 3152K, capacity 3581K, committed 3584K, reserved 1048576K
Event: 5.772 GC heap after
Heap after GC invocations=6 (full 0):
 PSYoungGen      total 115712K, used 5915K [0x00000000dc580000, 0x00000000e3f80000, 0x0000000100000000)
  eden space 109568K, 0% used [0x00000000dc580000,0x00000000dc580000,0x00000000e3080000)
  from space 6144K, 96% used [0x00000000e3780000,0x00000000e3d46e90,0x00000000e3d80000)
  to   space 7168K, 0% used [0x00000000e3080000,0x00000000e3080000,0x00000000e3780000)
 ParOldGen       total 73728K, used 1401K [0x0000000095000000, 0x0000000099800000, 0x00000000dc580000)
  object space 73728K, 1% used [0x0000000095000000,0x000000009515e510,0x0000000099800000)
 Metaspace       used 15277K, capacity 16496K, committed 16640K, reserved 1062912K
  class space    used 3152K, capacity 3581K, committed 3584K, reserved 1048576K
}
Event: 6.906 GC heap before
{Heap before GC invocations=7 (full 0):
 PSYoungGen      total 115712K, used 115483K [0x00000000dc580000, 0x00000000e3f80000, 0x0000000100000000)
  eden space 109568K, 100% used [0x00000000dc580000,0x00000000e3080000,0x00000000e3080000)
  from space 6144K, 96% used [0x00000000e3780000,0x00000000e3d46e90,0x00000000e3d80000)
  to   space 7168K, 0% used [0x00000000e3080000,0x00000000e3080000,0x00000000e3780000)
 ParOldGen       total 73728K, used 1401K [0x0000000095000000, 0x0000000099800000, 0x00000000dc580000)
  object space 73728K, 1% used [0x0000000095000000,0x000000009515e510,0x0000000099800000)
 Metaspace       used 18309K, capacity 20294K, committed 20480K, reserved 1064960K
  class space    used 4063K, capacity 4811K, committed 4864K, reserved 1048576K

Deoptimization events (10 events):
Event: 5.826 Thread 0x00007f460c014800 Uncommon trap: reason=class_check action=maybe_recompile pc=0x00007f45fd4ec00c method=java.io.FilterReader.read()I @ 4
Event: 5.828 Thread 0x00007f460c014800 Uncommon trap: reason=class_check action=maybe_recompile pc=0x00007f45fd509cb4 method=clojure.lang.Var.hasRoot()Z @ 4
Event: 5.828 Thread 0x00007f460c014800 Uncommon trap: reason=class_check action=maybe_recompile pc=0x00007f45fd4e9c38 method=clojure.lang.LispReader.read1(Ljava/io/Reader;)I @ 1
Event: 5.833 Thread 0x00007f460c014800 Uncommon trap: reason=bimorphic action=maybe_recompile pc=0x00007f45fd542520 method=clojure.lang.RT.assoc(Ljava/lang/Object;Ljava/lang/Object;Ljava/lang/Object;)Lclojure/lang/Associative; @ 30
Event: 5.848 Thread 0x00007f460c014800 Uncommon trap: reason=class_check action=maybe_recompile pc=0x00007f45fd198970 method=java.lang.String.equals(Ljava/lang/Object;)Z @ 8
Event: 6.007 Thread 0x00007f460c014800 Uncommon trap: reason=uninitialized action=reinterpret pc=0x00007f45fd797490 method=clojure.lang.LispReader.read(Ljava/io/PushbackReader;ZLjava/lang/Object;Ljava/lang/Character;Ljava/lang/Object;ZLjava/lang/Object;Ljava/lang/Object;Lclojure/lang/LispReade
Event: 6.149 Thread 0x00007f460c014800 Uncommon trap: reason=class_check action=maybe_recompile pc=0x00007f45fd4e9c38 method=clojure.lang.LispReader.read1(Ljava/io/Reader;)I @ 1
Event: 6.155 Thread 0x00007f460c014800 Uncommon trap: reason=class_check action=maybe_recompile pc=0x00007f45fd4e9c38 method=clojure.lang.LispReader.read1(Ljava/io/Reader;)I @ 1
Event: 6.216 Thread 0x00007f460c014800 Uncommon trap: reason=bimorphic action=maybe_recompile pc=0x00007f45fd542520 method=clojure.lang.RT.assoc(Ljava/lang/Object;Ljava/lang/Object;Ljava/lang/Object;)Lclojure/lang/Associative; @ 30
Event: 6.401 Thread 0x00007f460c014800 Uncommon trap: reason=uninitialized action=reinterpret pc=0x00007f45fd7a1138 method=clojure.lang.Compiler.currentNS()Lclojure/lang/Namespace; @ 0

Internal exceptions (10 events):
Event: 1.739 Thread 0x00007f460c014800 Exception <a 'java/security/PrivilegedActionException'> (0x00000000dd5fb848) thrown at [/build/java8-openjdk/src/jdk8u-jdk8u144-b01/hotspot/src/share/vm/prims/jvm.cpp, line 1390]
Event: 1.739 Thread 0x00007f460c014800 Exception <a 'java/security/PrivilegedActionException'> (0x00000000dd5fc2a8) thrown at [/build/java8-openjdk/src/jdk8u-jdk8u144-b01/hotspot/src/share/vm/prims/jvm.cpp, line 1390]
Event: 1.739 Thread 0x00007f460c014800 Exception <a 'java/security/PrivilegedActionException'> (0x00000000dd5fc4b8) thrown at [/build/java8-openjdk/src/jdk8u-jdk8u144-b01/hotspot/src/share/vm/prims/jvm.cpp, line 1390]
Event: 4.197 Thread 0x00007f460c014800 Exception <a 'java/security/PrivilegedActionException'> (0x00000000dc749110) thrown at [/build/java8-openjdk/src/jdk8u-jdk8u144-b01/hotspot/src/share/vm/prims/jvm.cpp, line 1390]
Event: 4.197 Thread 0x00007f460c014800 Exception <a 'java/security/PrivilegedActionException'> (0x00000000dc749508) thrown at [/build/java8-openjdk/src/jdk8u-jdk8u144-b01/hotspot/src/share/vm/prims/jvm.cpp, line 1390]
Event: 4.870 Thread 0x00007f460c014800 Implicit null exception at 0x00007f45fd2ed62f to 0x00007f45fd2ed76d
Event: 4.870 Thread 0x00007f460c014800 Implicit null exception at 0x00007f45fd36f68f to 0x00007f45fd36f7c1
Event: 4.871 Thread 0x00007f460c014800 Implicit null exception at 0x00007f45fd36d24f to 0x00007f45fd36d8a5
Event: 4.871 Thread 0x00007f460c014800 Implicit null exception at 0x00007f45fd3aadcf to 0x00007f45fd3aaeb5
Event: 4.989 Thread 0x00007f460c014800 Implicit null exception at 0x00007f45fd427bb7 to 0x00007f45fd427cd5

Events (10 events):
Event: 6.902 loading class clojure/spec/alpha$add_ret done
Event: 6.902 loading class clojure/spec/alpha$deriv
Event: 6.902 loading class clojure/spec/alpha$deriv done
Event: 6.903 loading class clojure/spec/alpha$op_describe
Event: 6.903 loading class clojure/spec/alpha$op_describe done
Event: 6.905 loading class clojure/spec/alpha$op_explain
Event: 6.905 loading class clojure/spec/alpha$op_explain done
Event: 6.906 loading class clojure/spec/alpha$re_gen
Event: 6.906 loading class clojure/spec/alpha$re_gen done
Event: 6.906 Executing VM operation: ParallelGCFailedAllocation


Dynamic libraries:
95000000-99800000 rw-p 00000000 00:00 0 
99800000-dc580000 ---p 00000000 00:00 0 
dc580000-e3f80000 rw-p 00000000 00:00 0 
eaa80000-100000000 ---p 00000000 00:00 0 
100000000-1004c0000 rw-p 00000000 00:00 0 
1004c0000-140000000 ---p 00000000 00:00 0 
558777e24000-558777e25000 r-xp 00000000 08:02 4331362                    /usr/lib/jvm/java-8-openjdk/jre/bin/java
558778024000-558778025000 r--p 00000000 08:02 4331362                    /usr/lib/jvm/java-8-openjdk/jre/bin/java
558778025000-558778026000 rw-p 00001000 08:02 4331362                    /usr/lib/jvm/java-8-openjdk/jre/bin/java
558778d4f000-558778d70000 rw-p 00000000 00:00 0                          [heap]
7f45c8000000-7f45c8021000 rw-p 00000000 00:00 0 
7f45c8021000-7f45cc000000 ---p 00000000 00:00 0 
7f45cfc00000-7f45cfd40000 rw-p 00000000 00:00 0 
7f45cfd40000-7f45cfe00000 ---p 00000000 00:00 0 
7f45cfe00000-7f45d0000000 rw-p 00000000 00:00 0 
7f45d0000000-7f45d0564000 rw-p 00000000 00:00 0 
7f45d0564000-7f45d4000000 ---p 00000000 00:00 0 
7f45d4000000-7f45d4021000 rw-p 00000000 00:00 0 
7f45d4021000-7f45d8000000 ---p 00000000 00:00 0 
7f45d8000000-7f45d8021000 rw-p 00000000 00:00 0 
7f45d8021000-7f45dc000000 ---p 00000000 00:00 0 
7f45dc000000-7f45dc7f3000 rw-p 00000000 00:00 0 
7f45dc7f3000-7f45e0000000 ---p 00000000 00:00 0 
7f45e0000000-7f45e0021000 rw-p 00000000 00:00 0 
7f45e0021000-7f45e4000000 ---p 00000000 00:00 0 
7f45e4000000-7f45e4021000 rw-p 00000000 00:00 0 
7f45e4021000-7f45e8000000 ---p 00000000 00:00 0 
7f45e8000000-7f45e8049000 rw-p 00000000 00:00 0 
7f45e8049000-7f45ec000000 ---p 00000000 00:00 0 
7f45ec0a7000-7f45ec2a7000 rw-p 00000000 00:00 0 
7f45ec2a7000-7f45ec4a7000 rw-p 00000000 00:00 0 
7f45ec4a7000-7f45ec4a8000 r--s 00004000 08:02 1704169                    /home/elect/.m2/repository/clatrix/clatrix/0.3.0/clatrix-0.3.0.jar
7f45ec4a8000-7f45ec4aa000 r--s 00001000 08:02 1575580                    /home/elect/.m2/repository/json-html/json-html/0.4.0/json-html-0.4.0.jar
7f45ec4aa000-7f45ec4ac000 r--s 00001000 08:02 1575494                    /home/elect/.m2/repository/luminus-migrations/luminus-migrations/0.4.5/luminus-migrations-0.4.5.jar
7f45ec4ac000-7f45ec4ad000 r--s 00002000 08:02 1575438                    /home/elect/.m2/repository/com/cemerick/piggieback/0.2.2/piggieback-0.2.2.jar
7f45ec4ad000-7f45ec4ae000 r--s 00004000 08:02 1704146                    /home/elect/.m2/repository/com/github/rwl/COLAMDJ/1.0.1/COLAMDJ-1.0.1.jar
7f45ec4ae000-7f45ec4b3000 r--s 00031000 08:02 926672                     /home/elect/.m2/repository/org/apache/xmlgraphics/batik-svg-dom/1.8/batik-svg-dom-1.8.jar
7f45ec4b3000-7f45ec4b4000 r--s 00002000 08:02 1575620                    /home/elect/.m2/repository/clj-stacktrace/clj-stacktrace/0.2.8/clj-stacktrace-0.2.8.jar
7f45ec4b4000-7f45ec4b6000 r--s 00007000 08:02 1575400                    /home/elect/.m2/repository/com/fasterxml/jackson/core/jackson-annotations/2.3.0/jackson-annotations-2.3.0.jar
7f45ec4b6000-7f45ec4b8000 r--s 00006000 08:02 1575905                    /home/elect/.m2/repository/net/sourceforge/jplasma/core-lapack/0.1/core-lapack-0.1.jar
7f45ec4b8000-7f45ec4ba000 r--s 0004c000 08:02 1575606                    /home/elect/.m2/repository/figwheel-sidecar/figwheel-sidecar/0.5.14/figwheel-sidecar-0.5.14.jar
7f45ec4ba000-7f45ec4c6000 r--s 00085000 08:02 1575376                    /home/elect/.m2/repository/org/clojure/spec.alpha/0.1.143/spec.alpha-0.1.143.jar
7f45ec4c6000-7f45ec4c7000 r--s 00002000 08:02 1575465                    /home/elect/.m2/repository/clout/clout/2.1.2/clout-2.1.2.jar
7f45ec4c7000-7f45ec4ce000 r--s 0003f000 08:02 1575410                    /home/elect/.m2/repository/commons-codec/commons-codec/1.10/commons-codec-1.10.jar
7f45ec4ce000-7f45ec4d0000 r--s 00005000 08:02 1575341                    /home/elect/.m2/repository/com/cemerick/clojurescript.test/0.2.3-SNAPSHOT/clojurescript.test-0.2.3-SNAPSHOT.jar
7f45ec4d0000-7f45ec4dd000 r--s 000aa000 08:02 1314477                    /home/elect/.m2/repository/org/apache/httpcomponents/httpclient/4.5.3/httpclient-4.5.3.jar
7f45ec4dd000-7f45ec4df000 r--s 00001000 08:02 1575632                    /home/elect/.m2/repository/pjstadig/humane-test-output/0.8.3/humane-test-output-0.8.3.jar
7f45ec4df000-7f45ec4e8000 r--s 000a8000 08:02 1704159                    /home/elect/.m2/repository/net/mikera/vectorz/0.65.0/vectorz-0.65.0.jar
7f45ec4e8000-7f45ec4f4000 r--s 00051000 08:02 665185                     /home/elect/.m2/repository/org/apache/xmlgraphics/batik-anim/1.8/batik-anim-1.8.jar
7f45ec4f4000-7f45ec4f5000 r--s 00003000 08:02 1704163                    /home/elect/.m2/repository/net/mikera/randomz/0.3.0/randomz-0.3.0.jar
7f45ec4f5000-7f45ec4f8000 r--s 00007000 08:02 1575440                    /home/elect/.m2/repository/net/incongru/watchservice/barbary-watchservice/1.0/barbary-watchservice-1.0.jar
7f45ec4f8000-7f45ec502000 r--s 000a5000 08:02 1575295                    /home/elect/.m2/repository/org/javassist/javassist/3.18.1-GA/javassist-3.18.1-GA.jar
7f45ec502000-7f45ec504000 r--s 00003000 08:02 1575605                    /home/elect/.m2/repository/binaryage/env-config/0.2.2/env-config-0.2.2.jar
7f45ec504000-7f45ec505000 r--s 00001000 08:02 1704151                    /home/elect/.m2/repository/org/clojure/data.priority-map/0.0.4/data.priority-map-0.0.4.jar
7f45ec505000-7f45ec506000 r--s 00005000 08:02 1575624                    /home/elect/.m2/repository/net/cgrand/parsley/0.9.3/parsley-0.9.3.jar
7f45ec506000-7f45ec507000 r--s 00090000 08:02 1705922                    /home/elect/.m2/repository/cljsjs/material-ui/0.19.0-0/material-ui-0.19.0-0.jar
7f45ec507000-7f45ec513000 r--s 00076000 08:02 665180                     /home/elect/.m2/repository/org/apache/xmlgraphics/batik-bridge/1.8/batik-bridge-1.8.jar
7f45ec513000-7f45ec515000 r--s 00006000 08:02 1704144                    /home/elect/.m2/repository/com/github/rwl/AMDJ/1.0.1/AMDJ-1.0.1.jar
7f45ec515000-7f45ec516000 r--s 00002000 08:02 1575636                    /home/elect/.m2/repository/ring/ring-devel/1.6.3/ring-devel-1.6.3.jar
7f45ec516000-7f45ec518000 r--s 0000f000 08:02 1575316                    /home/elect/.m2/repository/org/jboss/logging/jboss-logging/3.2.1.Final/jboss-logging-3.2.1.Final.jar
7f45ec518000-7f45ec51c000 r--s 00026000 08:02 1575945                    /home/elect/.m2/repository/http-kit/http-kit/2.2.0/http-kit-2.2.0.jar
7f45ec51c000-7f45ec51e000 r--s 00002000 08:02 1575527                    /home/elect/.m2/repository/org/flatland/ordered/1.5.3/ordered-1.5.3.jar
7f45ec51e000-7f45ec529000 r--s 00065000 08:02 1575315                    /home/elect/.m2/repository/ch/qos/logback/logback-core/1.1.3/logback-core-1.1.3.jar
7f45ec529000-7f45ec52d000 r--s 00016000 08:02 1575288                    /home/elect/.m2/repository/com/cognitect/transit-java/0.8.324/transit-java-0.8.324.jar
7f45ec52d000-7f45ec52f000 r--s 00000000 08:02 1575901                    /home/elect/.m2/repository/org/clojure/math.combinatorics/0.0.4/math.combinatorics-0.0.4.jar
7f45ec52f000-7f45ec530000 r--s 00005000 08:02 1704175                    /home/elect/.m2/repository/net/mikera/vectorz-clj/0.47.0/vectorz-clj-0.47.0.jar
7f45ec530000-7f45ec532000 r--s 0000f000 08:02 1575623                    /home/elect/.m2/repository/strictly-specking-standalone/strictly-specking-standalone/0.1.1/strictly-specking-standalone-0.1.1.jar
7f45ec532000-7f45ec53e000 r--s 0010b000 08:02 1314462                    /home/elect/.m2/repository/org/mozilla/rhino/1.7R5/rhino-1.7R5.jar
7f45ec53e000-7f45ec540000 r--s 00015000 08:02 1575903                    /home/elect/.m2/repository/net/sourceforge/jplasma/jplasma/1.2.0/jplasma-1.2.0.jar
7f45ec540000-7f45ec549000 r--s 00074000 08:02 1575331                    /home/elect/.m2/repository/io/undertow/undertow-servlet/1.4.14.Final/undertow-servlet-1.4.14.Final.jar
7f45ec549000-7f45ec54a000 r--s 00001000 08:02 1575615                    /home/elect/.m2/repository/ring-cors/ring-cors/0.1.11/ring-cors-0.1.11.jar
7f45ec54a000-7f45ec54b000 r--s 00000000 08:02 1573436                    /home/elect/.m2/repository/com/google/jsinterop/jsinterop-annotations/1.0.0/jsinterop-annotations-1.0.0.jar
7f45ec54b000-7f45ec54c000 r--s 00010000 08:02 1575517                    /home/elect/.m2/repository/prismatic/schema/1.1.6/schema-1.1.6.jar
7f45ec54c000-7f45ec54d000 r--s 00029000 08:02 1575552                    /home/elect/.m2/repository/cljsjs/react-dom-server/15.5.4-0/react-dom-server-15.5.4-0.jar
7f45ec54d000-7f45ec54e000 r--s 00001000 08:02 1575536                    /home/elect/.m2/repository/metosin/scjsv/0.4.0/scjsv-0.4.0.jar
7f45ec54e000-7f45ec550000 r--s 0000e000 08:02 1575287                    /home/elect/.m2/repository/commons-logging/commons-logging/1.2/commons-logging-1.2.jar
7f45ec550000-7f45ec552000 r--s 0000b000 08:02 1706520                    /home/elect/.m2/repository/cljsjs/react/15.6.1-1/react-15.6.1-1.jar
7f45ec552000-7f45ec554000 r--s 0000e000 08:02 1575370                    /home/elect/.m2/repository/net/sf/jopt-simple/jopt-simple/4.6/jopt-simple-4.6.jar
7f45ec554000-7f45ec559000 r--s 00039000 08:02 1575365                    /home/elect/.m2/repository/javax/mail/mailapi/1.4.3/mailapi-1.4.3.jar
7f45ec559000-7f45ec55b000 r--s 00002000 08:02 1575515                    /home/elect/.m2/repository/riddley/riddley/0.1.12/riddley-0.1.12.jar
7f45ec55b000-7f45ec55c000 r--s 00006000 08:02 926674                     /home/elect/.m2/repository/org/apache/xmlgraphics/batik-xml/1.8/batik-xml-1.8.jar
7f45ec55c000-7f45ec55e000 r--s 00001000 08:02 1575525                    /home/elect/.m2/repository/circleci/clj-yaml/0.5.5/clj-yaml-0.5.5.jar
7f45ec55e000-7f45ec561000 r--s 00015000 08:02 1575412                    /home/elect/.m2/repository/javax/servlet/javax.servlet-api/3.1.0/javax.servlet-api-3.1.0.jar
7f45ec561000-7f45ec562000 r--s 00001000 08:02 1575566                    /home/elect/.m2/repository/ring/ring-defaults/0.3.1/ring-defaults-0.3.1.jar
7f45ec562000-7f45ec563000 r--s 00000000 08:02 1575563                    /home/elect/.m2/repository/crypto-random/crypto-random/1.2.0/crypto-random-1.2.0.jar
7f45ec563000-7f45ec569000 r--s 00033000 08:02 1575356                    /home/elect/.m2/repository/com/github/fge/json-schema-validator/2.2.6/json-schema-validator-2.2.6.jar
7f45ec569000-7f45ec56a000 r--s 00001000 08:02 1704155                    /home/elect/.m2/repository/org/clojure/core.cache/0.6.4/core.cache-0.6.4.jar
7f45ec56a000-7f45ec56b000 r--s 00003000 08:02 1575446                    /home/elect/.m2/repository/clojurewerkz/scrypt/1.2.0/scrypt-1.2.0.jar
7f45ec56b000-7f45ec56c000 r--s 00002000 08:02 1575497                    /home/elect/.m2/repository/luminus/ring-ttl-session/0.3.2/ring-ttl-session-0.3.2.jar
7f45ec56c000-7f45ec56e000 r--s 00000000 08:02 1575557                    /home/elect/.m2/repository/ring-webjars/ring-webjars/0.2.0/ring-webjars-0.2.0.jar
7f45ec56e000-7f45ec574000 r--s 0003d000 08:02 1575351                    /home/elect/.m2/repository/org/yaml/snakeyaml/1.13/snakeyaml-1.13.jar
7f45ec574000-7f45ec579000 r--s 00010000 08:02 1575418                    /home/elect/.m2/repository/xml-apis/xml-apis-ext/1.3.04/xml-apis-ext-1.3.04.jar
7f45ec579000-7f45ec57a000 r--s 00002000 08:02 1575574                    /home/elect/.m2/repository/secretary/secretary/1.2.3/secretary-1.2.3.jar
7f45ec57a000-7f45ec57b000 r--s 00004000 08:02 1704177                    /home/elect/.m2/repository/net/mikera/clojure-utils/0.8.0/clojure-utils-0.8.0.jar
7f45ec57b000-7f45ec57c000 r--s 00002000 08:02 1575530                    /home/elect/.m2/repository/clojure-msgpack/clojure-msgpack/1.2.0/clojure-msgpack-1.2.0.jar
7f45ec57c000-7f45ec57d000 r--s 00002000 08:02 1575499                    /home/elect/.m2/repository/expiring-map/expiring-map/0.1.8/expiring-map-0.1.8.jar
7f45ec57d000-7f45ec57e000 r--s 00001000 08:02 1575296                    /home/elect/.m2/repository/com/cognitect/transit-cljs/0.8.243/transit-cljs-0.8.243.jar
7f45ec57e000-7f45ec57f000 r--s 00001000 08:02 926624                     /home/elect/.m2/repository/org/clojure/data.json/0.2.6/data.json-0.2.6.jar
7f45ec57f000-7f45ec586000 r--s 00056000 08:02 665179                     /home/elect/.m2/repository/org/apache/commons/commons-compress/1.9/commons-compress-1.9.jar
7f45ec586000-7f45ec588000 r--s 00003000 08:02 1573457                    /home/elect/.m2/repository/doo/doo/0.1.8/doo-0.1.8.jar
7f45ec588000-7f45ec58a000 r--s 00068000 08:02 1575390                    /home/elect/.m2/repository/org/webjars/npm/popper.js/1.11.1/popper.js-1.11.1.jar
7f45ec58a000-7f45ec58c000 r--s 00006000 08:02 1575454                    /home/elect/.m2/repository/cljs-ajax/cljs-ajax/0.7.3/cljs-ajax-0.7.3.jar
7f45ec58c000-7f45ec591000 r--s 00030000 08:02 1575426                    /home/elect/.m2/repository/org/ow2/asm/asm-all/4.2/asm-all-4.2.jar
7f45ec591000-7f45ec592000 r--s 00002000 08:02 1575484                    /home/elect/.m2/repository/com/carouselapps/to-jdbc-uri/0.5.0/to-jdbc-uri-0.5.0.jar
7f45ec592000-7f45ec5a3000 r--s 0008a000 08:02 1575285                    /home/elect/.m2/repository/joda-time/joda-time/2.9.7/joda-time-2.9.7.jar
7f45ec5a3000-7f45ec5a4000 r--s 00002000 08:02 799569                     /home/elect/.m2/repository/org/apache/xmlgraphics/batik-ext/1.8/batik-ext-1.8.jar
7f45ec5a4000-7f45ec5a6000 r--s 0001e000 08:02 1704182                    /home/elect/.m2/repository/net/mikera/core.matrix/0.61.0/core.matrix-0.61.0.jar
7f45ec5a6000-7f45ec5a7000 r--s 00004000 08:02 1314460                    /home/elect/.m2/repository/org/clojure/tools.namespace/0.2.11/tools.namespace-0.2.11.jar
7f45ec5a7000-7f45ec5a8000 r--s 0002e000 08:02 1706521                    /home/elect/.m2/repository/cljsjs/react-dom/15.6.1-1/react-dom-15.6.1-1.jar
7f45ec5a8000-7f45ec5b9000 r--s 0016e000 08:02 1575406                    /home/elect/.m2/repository/org/jfree/jfreechart/1.0.19/jfreechart-1.0.19.jar
7f45ec5b9000-7f45ec5ba000 r--s 00000000 08:02 1575508                    /home/elect/.m2/repository/de/kotka/lazymap/3.1.0/lazymap-3.1.0.jar
7f45ec5ba000-7f45ec61f000 r--s 00abc000 08:02 1575342                    /home/elect/.m2/repository/com/ibm/icu/icu4j/58.2/icu4j-58.2.jar
7f45ec61f000-7f45ec620000 r--s 00008000 08:02 1575424                    /home/elect/.m2/repository/org/clojure/tools.analyzer.jvm/0.7.0/tools.analyzer.jvm-0.7.0.jar
7f45ec620000-7f45ec621000 r--s 00003000 08:02 1575587                    /home/elect/.m2/repository/bouncer/bouncer/1.0.1/bouncer-1.0.1.jar
7f45ec621000-7f45ec622000 r--s 00006000 08:02 1575398                    /home/elect/.m2/repository/org/webjars/webjars-locator-core/0.27/webjars-locator-core-0.27.jar
7f45ec622000-7f45ec62e000 r--s 000af000 08:02 1575909                    /home/elect/.m2/repository/net/sourceforge/jtransforms/jtransforms/2.4.0/jtransforms-2.4.0.jar
7f45ec62e000-7f45ec634000 r--s 0004b000 08:02 1575414                    /home/elect/.m2/repository/org/jfree/jcommon/1.0.23/jcommon-1.0.23.jar
7f45ec634000-7f45ec638000 r--s 00020000 08:02 1051754                    /home/elect/.m2/repository/org/apache/xmlgraphics/batik-gvt/1.8/batik-gvt-1.8.jar
7f45ec638000-7f45ec63a000 r--s 00001000 08:02 1575631                    /home/elect/.m2/repository/net/cgrand/sjacket/0.1.1/sjacket-0.1.1.jar
7f45ec63a000-7f45ec63b000 r--s 00000000 08:02 1575597                    /home/elect/.m2/repository/tcp-server/tcp-server/0.1.0/tcp-server-0.1.0.jar
7f45ec63b000-7f45ec63c000 r--s 00004000 08:02 1575332                    /home/elect/.m2/repository/org/jboss/spec/javax/annotation/jboss-annotations-api_1.2_spec/1.0.0.Final/jboss-annotations-api_1.2_spec-1.0.0.Final.jar
7f45ec63c000-7f45ec640000 r--s 00022000 08:02 1573421                    /home/elect/.m2/repository/args4j/args4j/2.33/args4j-2.33.jar
7f45ec640000-7f45ec642000 r--s 00000000 08:02 1575373                    /home/elect/.m2/repository/org/clojure/core.specs.alpha/0.1.24/core.specs.alpha-0.1.24.jar
7f45ec642000-7f45ec644000 r--s 00012000 08:02 1575622                    /home/elect/.m2/repository/hawk/hawk/0.2.11/hawk-0.2.11.jar
7f45ec644000-7f45ec647000 r--s 00020000 08:02 1575307                    /home/elect/.m2/repository/com/zaxxer/HikariCP/2.7.2/HikariCP-2.7.2.jar
7f45ec647000-7f45ec64a000 r--s 000fb000 08:02 1575537                    /home/elect/.m2/repository/metosin/ring-swagger-ui/2.2.8/ring-swagger-ui-2.2.8.jar
7f45ec64a000-7f45ec64b000 r--s 00001000 08:02 1575415                    /home/elect/.m2/repository/buddy/buddy/2.0.0/buddy-2.0.0.jar
7f45ec64b000-7f45ec64c000 r--s 00001000 08:02 1575490                    /home/elect/.m2/repository/funcool/struct/1.2.0/struct-1.2.0.jar
7f45ec64c000-7f45ec64d000 r--s 00002000 08:02 926678                     /home/elect/.m2/repository/slingshot/slingshot/0.12.2/slingshot-0.12.2.jar
7f45ec64d000-7f45ec64e000 r--s 0000b000 08:02 1575897                    /home/elect/.m2/repository/com/fasterxml/jackson/dataformat/jackson-dataformat-cbor/2.7.3/jackson-dataformat-cbor-2.7.3.jar
7f45ec64e000-7f45ec65e000 r--s 0003a000 08:02 1575345                    /home/elect/.m2/repository/com/googlecode/libphonenumber/libphonenumber/6.2/libphonenumber-6.2.jar
7f45ec65e000-7f45ec674000 r--s 0045d000 08:02 1575582                    /home/elect/.m2/repository/clj-pdf/clj-pdf/2.2.30/clj-pdf-2.2.30.jar
7f45ec674000-7f45ec675000 r--s 00003000 08:02 1575463                    /home/elect/.m2/repository/compojure/compojure/1.6.0/compojure-1.6.0.jar
7f45ec675000-7f45ec6cf000 r--s 00361000 08:02 1704167                    /home/elect/.m2/repository/expresso/expresso/0.2.2/expresso-0.2.2.jar
7f45ec6cf000-7f45ec6d1000 r--s 00017000 08:02 1575919                    /home/elect/.m2/repository/incanter/incanter-core/1.5.7/incanter-core-1.5.7.jar
7f45ec6d1000-7f45ec6d2000 r--s 00001000 08:02 1575613                    /home/elect/.m2/repository/com/stuartsierra/dependency/0.2.0/dependency-0.2.0.jar
7f45ec6d2000-7f45ec6d4000 r--s 00001000 08:02 1704142                    /home/elect/.m2/repository/com/github/rwl/BTFJ/1.0.1/BTFJ-1.0.1.jar
7f45ec6d4000-7f45ec6db000 r--s 00043000 08:02 799563                     /home/elect/.m2/repository/org/apache/xmlgraphics/batik-awt-util/1.8/batik-awt-util-1.8.jar
7f45ec6db000-7f45ec6dd000 r--s 000cf000 08:02 1575386                    /home/elect/.m2/repository/org/webjars/bootstrap/4.0.0-beta.3/bootstrap-4.0.0-beta.3.jar
7f45ec6dd000-7f45ec6df000 r--s 00008000 08:02 1575533                    /home/elect/.m2/repository/metosin/ring-swagger/0.24.1/ring-swagger-0.24.1.jar
7f45ec6df000-7f45ec6e0000 r--s 00005000 08:02 1575908                    /home/elect/.m2/repository/cheshire/cheshire/5.6.1/cheshire-5.6.1.jar
7f45ec6e0000-7f45ec6e2000 r--s 00001000 08:02 1575492                    /home/elect/.m2/repository/luminus-immutant/luminus-immutant/0.2.4/luminus-immutant-0.2.4.jar
7f45ec6e2000-7f45ec6e4000 r--s 00013000 08:02 1575512                    /home/elect/.m2/repository/clj-tuple/clj-tuple/0.2.2/clj-tuple-0.2.2.jar
7f45ec6e4000-7f45ec6e5000 r--s 00003000 08:02 1575638                    /home/elect/.m2/repository/hiccup/hiccup/1.0.5/hiccup-1.0.5.jar
7f45ec6e5000-7f45ec6e6000 r--s 00002000 08:02 1575475                    /home/elect/.m2/repository/com/layerware/hugsql/0.4.8/hugsql-0.4.8.jar
7f45ec6e6000-7f45ec6ea000 r--s 0001f000 08:02 799568                     /home/elect/.m2/repository/org/apache/xmlgraphics/batik-dom/1.8/batik-dom-1.8.jar
7f45ec6ea000-7f45ec6eb000 r--s 00005000 08:02 1575292                    /home/elect/.m2/repository/com/googlecode/json-simple/json-simple/1.1.1/json-simple-1.1.1.jar
7f45ec6eb000-7f45ec6ef000 r--s 0004e000 08:02 1575384                    /home/elect/.m2/repository/org/webjars/bower/tether/1.4.3/tether-1.4.3.jar
7f45ec6ef000-7f45ec6f1000 r--s 0000e000 08:02 1704174                    /home/elect/.m2/repository/mschuene/core.logic/0.8.11.1/core.logic-0.8.11.1.jar
7f45ec6f1000-7f45ec6f3000 r--s 00002000 08:02 1573462                    /home/elect/.m2/repository/simple-lein-profile-merge/simple-lein-profile-merge/0.1.4/simple-lein-profile-merge-0.1.4.jar
7f45ec6f3000-7f45ec6f5000 r--s 0000f000 08:02 1573440                    /home/elect/.m2/repository/org/clojure/google-closure-library-third-party/0.0-20170809-b9c14c6b/google-closure-library-third-party-0.0-20170809-b9c14c6b.jar
7f45ec6f5000-7f45ec6f6000 r--s 00007000 08:02 1575299                    /home/elect/.m2/repository/com/cognitect/transit-js/0.8.846/transit-js-0.8.846.jar
7f45ec6f6000-7f45ec6f7000 r--s 00001000 08:02 1575614                    /home/elect/.m2/repository/suspendable/suspendable/0.1.1/suspendable-0.1.1.jar
7f45ec6f7000-7f45ec6f9000 r--s 00027000 08:02 1575389                    /home/elect/.m2/repository/org/webjars/jquery/3.0.0/jquery-3.0.0.jar
7f45ec6f9000-7f45ec6fb000 r--s 0000f000 08:02 1575916                    /home/elect/.m2/repository/net/sourceforge/parallelcolt/optimization/1.0/optimization-1.0.jar
7f45ec6fb000-7f45ec6fd000 r--s 00001000 08:02 1575442                    /home/elect/.m2/repository/luminus-nrepl/luminus-nrepl/0.1.4/luminus-nrepl-0.1.4.jar
7f45ec6fd000-7f45ec700000 r--s 0001a000 08:02 1575328                    /home/elect/.m2/repository/org/jboss/xnio/xnio-nio/3.3.6.Final/xnio-nio-3.3.6.Final.jar
7f45ec700000-7f45ec74a000 r--s 00547000 08:02 1575392                    /home/elect/.m2/repository/org/webjars/font-awesome/5.0.2/font-awesome-5.0.2.jar
7f45ec74a000-7f45ec74b000 r--s 00001000 08:02 1575337                    /home/elect/.m2/repository/org/projectodd/wunderboss/wunderboss-clojure/0.13.1/wunderboss-clojure-0.13.1.jar
7f45ec74b000-7f45ec74c000 r--s 00001000 08:02 1575520                    /home/elect/.m2/repository/frankiesardo/linked/1.2.9/linked-1.2.9.jar
7f45ec74c000-7f45ec74d000 r--s 00002000 08:02 1573451                    /home/elect/.m2/repository/leinjacker/leinjacker/0.4.2/leinjacker-0.4.2.jar
7f45ec74d000-7f45ec756000 r--s 00076000 08:02 1575327                    /home/elect/.m2/repository/org/jboss/xnio/xnio-api/3.3.6.Final/xnio-api-3.3.6.Final.jar
7f45ec756000-7f45ec757000 r--s 00005000 08:02 533004                     /home/elect/.m2/repository/org/clojure/java.jdbc/0.7.3/java.jdbc-0.7.3.jar
7f45ec757000-7f45ec79b000 r--s 00341000 08:02 1575374                    /home/elect/.m2/repository/org/clojure/clojure/1.9.0/clojure-1.9.0.jar
7f45ec79b000-7f45ec79d000 r--s 00004000 08:02 1575509                    /home/elect/.m2/repository/potemkin/potemkin/0.4.3/potemkin-0.4.3.jar
7f45ec79d000-7f45ec79f000 r--s 0000c000 08:02 1575604                    /home/elect/.m2/repository/binaryage/devtools/0.9.8/devtools-0.9.8.jar
7f45ec79f000-7f45ec7a0000 r--s 00028000 08:02 1573420                    /home/elect/.m2/repository/com/google/javascript/closure-compiler-externs/v20170910/closure-compiler-externs-v20170910.jar
7f45ec7a0000-7f45ec7b1000 r--s 000cf000 08:02 1575399                    /home/elect/.m2/repository/com/fasterxml/jackson/core/jackson-databind/2.3.3/jackson-databind-2.3.3.jar
7f45ec7b1000-7f45ec7b3000 r--s 0000c000 08:02 799573                     /home/elect/.m2/repository/org/immutant/web/2.1.9/web-2.1.9.jar
7f45ec7b3000-7f45ec7b4000 r--s 00002000 08:02 1575360                    /home/elect/.m2/repository/com/github/fge/btf/1.2/btf-1.2.jar
7f45ec7b4000-7f45ec7b5000 r--s 00001000 08:02 1575477                    /home/elect/.m2/repository/com/layerware/hugsql-adapter/0.4.8/hugsql-adapter-0.4.8.jar
7f45ec7b5000-7f45ec7bd000 r--s 000a7000 08:02 1575382                    /home/elect/.m2/repository/org/postgresql/postgresql/42.1.4/postgresql-42.1.4.jar
7f45ec7bd000-7f45ec7bf000 r--s 00001000 08:02 1704157                    /home/elect/.m2/repository/net/mikera/mathz/0.3.0/mathz-0.3.0.jar
7f45ec7bf000-7f45ec7c0000 r--s 00000000 08:02 1575565                    /home/elect/.m2/repository/crypto-equality/crypto-equality/1.0.0/crypto-equality-1.0.0.jar
7f45ec7c0000-7f45ec7c1000 r--s 00002000 08:02 1575589                    /home/elect/.m2/repository/clj-quandl-api/clj-quandl-api/0.2.1/clj-quandl-api-0.2.1.jar
7f45ec7c1000-7f45ec7c2000 r--s 00001000 08:02 1575468                    /home/elect/.m2/repository/medley/medley/1.0.0/medley-1.0.0.jar
7f45ec7c2000-7f45ec7ca000 r--s 00048000 08:02 926668                     /home/elect/.m2/repository/org/apache/httpcomponents/httpcore/4.4.6/httpcore-4.4.6.jar
7f45ec7ca000-7f45ec7cb000 r--s 00001000 08:02 1573459                    /home/elect/.m2/repository/karma-reporter/karma-reporter/0.1.0/karma-reporter-0.1.0.jar
7f45ec7cb000-7f45ec7d7000 r--s 00092000 08:02 1051755                    /home/elect/.m2/repository/org/apache/xmlgraphics/xmlgraphics-commons/2.1/xmlgraphics-commons-2.1.jar
7f45ec7d7000-7f45ec7d9000 r--s 0001f000 08:02 1704135                    /home/elect/.m2/repository/com/googlecode/netlib-java/netlib-java/0.9.3/netlib-java-0.9.3.jar
7f45ec7d9000-7f45ec7db000 r--s 00003000 08:02 1575521                    /home/elect/.m2/repository/ring-middleware-format/ring-middleware-format/0.7.2/ring-middleware-format-0.7.2.jar
7f45ec7db000-7f45ec7dd000 r--s 000bc000 08:02 1573425                    /home/elect/.m2/repository/org/clojure/clojurescript/1.9.946/clojurescript-1.9.946.jar
7f45ec7dd000-7f45ec7de000 r--s 0000b000 08:02 1575596                    /home/elect/.m2/repository/clj-http/clj-http/3.7.0/clj-http-3.7.0.jar
7f45ec7de000-7f45ec7e0000 r--s 00001000 08:02 1575478                    /home/elect/.m2/repository/com/layerware/hugsql-adapter-clojure-java-jdbc/0.4.8/hugsql-adapter-clojure-java-jdbc-0.4.8.jar
7f45ec7e0000-7f45ec7e1000 r--s 00008000 08:02 1575444                    /home/elect/.m2/repository/buddy/buddy-hashers/1.3.0/buddy-hashers-1.3.0.jar
7f45ec7e1000-7f45ec7e2000 r--s 00001000 08:02 1575545                    /home/elect/.m2/repository/mount/mount/0.1.11/mount-0.1.11.jar
7f45ec7e2000-7f45ec7e5000 r--s 0000c000 08:02 1575358                    /home/elect/.m2/repository/com/github/fge/uri-template/0.9/uri-template-0.9.jar
7f45ec7e5000-7f45ec7f4000 r--s 00130000 08:02 1573429                    /home/elect/.m2/repository/com/google/protobuf/protobuf-java/3.0.2/protobuf-java-3.0.2.jar
7f45ec7f4000-7f45ec7f5000 r--s 00001000 08:02 1575434                    /home/elect/.m2/repository/org/clojure/tools.trace/0.7.9/tools.trace-0.7.9.jar
7f45ec7f5000-7f45ec7f7000 r--s 00006000 08:02 1575546                    /home/elect/.m2/repository/reagent/reagent/0.7.0/reagent-0.7.0.jar
7f45ec7f7000-7f45ec7f8000 r--s 00000000 08:02 400493                     /home/elect/.m2/repository/org/clojure/java.classpath/0.2.3/java.classpath-0.2.3.jar
7f45ec7f8000-7f45ec7fb000 r--s 00029000 08:02 665177                     /home/elect/.m2/repository/org/apache/httpcomponents/httpasyncclient/4.1.3/httpasyncclient-4.1.3.jar
7f45ec7fb000-7f45ec819000 r--s 0027d000 08:02 1575409                    /home/elect/.m2/repository/xalan/xalan/2.7.0/xalan-2.7.0.jar
7f45ec819000-7f45ec84f000 r--s 005a8000 08:02 1573437                    /home/elect/.m2/repository/org/clojure/google-closure-library/0.0-20170809-b9c14c6b/google-closure-library-0.0-20170809-b9c14c6b.jar
7f45ec84f000-7f45ec851000 r--s 00002000 08:02 1575534                    /home/elect/.m2/repository/metosin/schema-tools/0.9.0/schema-tools-0.9.0.jar
7f45ec851000-7f45ec853000 r--s 0000b000 08:02 1575277                    /home/elect/.m2/repository/com/lambdaworks/scrypt/1.4.0/scrypt-1.4.0.jar
7f45ec853000-7f45ec855000 r--s 00000000 08:02 1573417                    /home/elect/.m2/repository/org/clojure/core.unify/0.5.3/core.unify-0.5.3.jar
7f45ec855000-7f45ec856000 r--s 00002000 08:02 1575598                    /home/elect/.m2/repository/clojure-complete/clojure-complete/0.2.4/clojure-complete-0.2.4.jar
7f45ec856000-7f45ec857000 r--s 00001000 08:02 1575640                    /home/elect/.m2/repository/ns-tracker/ns-tracker/0.3.1/ns-tracker-0.3.1.jar
7f45ec857000-7f45ec858000 r--s 00002000 08:02 1573413                    /home/elect/.m2/repository/com/google/errorprone/error_prone_annotations/2.0.18/error_prone_annotations-2.0.18.jar
7f45ec858000-7f45ec85b000 r--s 00721000 08:02 1704137                    /home/elect/.m2/repository/org/jblas/jblas/1.2.3/jblas-1.2.3.jar
7f45ec85b000-7f45ec85f000 r--s 00025000 08:02 1575335                    /home/elect/.m2/repository/io/undertow/undertow-websockets-jsr/1.4.14.Final/undertow-websockets-jsr-1.4.14.Final.jar
7f45ec85f000-7f45ec861000 r--s 00009000 08:02 1575320                    /home/elect/.m2/repository/org/jboss/spec/javax/websocket/jboss-websocket-api_1.1_spec/1.1.0.Final/jboss-websocket-api_1.1_spec-1.1.0.Final.jar
7f45ec861000-7f45ec862000 r--s 00006000 08:02 1575504                    /home/elect/.m2/repository/metosin/compojure-api/1.1.11/compojure-api-1.1.11.jar
7f45ec862000-7f45ec863000 r--s 00005000 08:02 1575588                    /home/elect/.m2/repository/com/andrewmcveigh/cljs-time/0.5.0-alpha2/cljs-time-0.5.0-alpha2.jar
7f45ec863000-7f45ec865000 r--s 00006000 08:02 1575559                    /home/elect/.m2/repository/ring/ring-core/1.6.3/ring-core-1.6.3.jar
7f45ec865000-7f45ec866000 r--s 00003000 08:02 1575485                    /home/elect/.m2/repository/hikari-cp/hikari-cp/1.8.1/hikari-cp-1.8.1.jar
7f45ec866000-7f45ec867000 r--s 00007000 08:02 1575362                    /home/elect/.m2/repository/com/github/fge/jackson-coreutils/1.8/jackson-coreutils-1.8.jar
7f45ec867000-7f45ec8ba000 r--s 00373000 08:02 1443826                    /home/elect/.m2/repository/org/bouncycastle/bcprov-jdk15on/1.58/bcprov-jdk15on-1.58.jar
7f45ec8ba000-7f45ec8c2000 r--s 00028000 08:02 1575416                    /home/elect/.m2/repository/xml-apis/xml-apis/1.3.04/xml-apis-1.3.04.jar
7f45ec8c2000-7f45ec8c4000 r--s 00003000 08:02 926671                     /home/elect/.m2/repository/org/immutant/core/2.1.9/core-2.1.9.jar
7f45ec8c4000-7f45ec8c5000 r--s 00003000 08:02 1575629                    /home/elect/.m2/repository/net/cgrand/regex/1.1.0/regex-1.1.0.jar
7f45ec8c5000-7f45ec8c7000 r--s 00007000 08:02 1839323                    /home/elect/.m2/repository/cljs-react-material-ui/cljs-react-material-ui/0.2.48/cljs-react-material-ui-0.2.48.jar
7f45ec8c7000-7f45ec8cd000 r--s 0002e000 08:02 1575913                    /home/elect/.m2/repository/net/sourceforge/csparsej/csparsej/1.1.1/csparsej-1.1.1.jar
7f45ec8cd000-7f45ec8cf000 r--s 00003000 08:02 1051756                    /home/elect/.m2/repository/org/apache/xmlgraphics/batik-script/1.8/batik-script-1.8.jar
7f45ec8cf000-7f45ec8d1000 r--s 00008000 08:02 1575528                    /home/elect/.m2/repository/org/flatland/useful/0.9.0/useful-0.9.0.jar
7f45ec8d1000-7f45ec8d2000 r--s 00004000 08:02 400499                     /home/elect/.m2/repository/migratus/migratus/1.0.3/migratus-1.0.3.jar
7f45ec8d2000-7f45ec8d3000 r--s 00001000 08:02 1575643                    /home/elect/.m2/repository/ring/ring-mock/0.3.2/ring-mock-0.3.2.jar
7f45ec8d3000-7f45ec8d6000 r--s 0000b000 08:02 926670                     /home/elect/.m2/repository/org/apache/xmlgraphics/batik-parser/1.8/batik-parser-1.8.jar
7f45ec8d6000-7f45ec8d8000 r--s 00008000 08:02 1575339                    /home/elect/.m2/repository/net/jodah/expiringmap/0.5.8/expiringmap-0.5.8.jar
7f45ec8d8000-7f45ec8dc000 r--s 0002b000 08:02 1575322                    /home/elect/.m2/repository/org/jboss/spec/javax/servlet/jboss-servlet-api_3.1_spec/1.0.0.Final/jboss-servlet-api_3.1_spec-1.0.0.Final.jar
7f45ec8dc000-7f45ec8e2000 r--s 00034000 08:02 1575911                    /home/elect/.m2/repository/junit/junit/4.8.2/junit-4.8.2.jar
7f45ec8e2000-7f45ec8e3000 r--s 00007000 08:02 1575425                    /home/elect/.m2/repository/org/clojure/tools.analyzer/0.6.9/tools.analyzer-0.6.9.jar
7f45ec8e3000-7f45ec8e5000 r--s 00003000 08:02 1573433                    /home/elect/.m2/repository/com/google/code/findbugs/jsr305/3.0.1/jsr305-3.0.1.jar
7f45ec8e5000-7f45ec8e7000 r--s 0000e000 08:02 1575368                    /home/elect/.m2/repository/javax/activation/activation/1.1/activation-1.1.jar
7f45ec8e7000-7f45ec90e000 r--s 001e2000 08:02 1575325                    /home/elect/.m2/repository/io/undertow/undertow-core/1.4.14.Final/undertow-core-1.4.14.Final.jar
7f45ec90e000-7f45ec911000 r--s 0000f000 08:02 1575319                    /home/elect/.m2/repository/commons-fileupload/commons-fileupload/1.3.3/commons-fileupload-1.3.3.jar
7f45ec911000-7f45ec912000 r--s 00004000 08:02 1575539                    /home/elect/.m2/repository/metosin/muuntaja/0.4.2/muuntaja-0.4.2.jar
7f45ec912000-7f45ec914000 r--s 00006000 08:02 1575281                    /home/elect/.m2/repository/org/projectodd/wunderboss/wunderboss-web-undertow/0.13.1/wunderboss-web-undertow-0.13.1.jar
7f45ec914000-7f45ec915000 r--s 00004000 08:02 1575450                    /home/elect/.m2/repository/buddy/buddy-sign/2.2.0/buddy-sign-2.2.0.jar
7f45ec915000-7f45ec916000 r--s 00004000 08:02 1575436                    /home/elect/.m2/repository/buddy/buddy-auth/2.1.0/buddy-auth-2.1.0.jar
7f45ec916000-7f45ec917000 r--s 00001000 08:02 1575568                    /home/elect/.m2/repository/ring/ring-ssl/0.3.0/ring-ssl-0.3.0.jar
7f45ec917000-7f45ec918000 r--s 00004000 08:02 1575612                    /home/elect/.m2/repository/com/stuartsierra/component/0.3.2/component-0.3.2.jar
7f45ec918000-7f45ec919000 r--s 00003000 08:02 1575379                    /home/elect/.m2/repository/org/clojure/tools.cli/0.3.5/tools.cli-0.3.5.jar
7f45ec919000-7f45ec91b000 r--s 0000c000 08:02 1575506                    /home/elect/.m2/repository/prismatic/plumbing/0.5.4/plumbing-0.5.4.jar
7f45ec91b000-7f45ec91d000 r--s 00006000 08:02 1575430                    /home/elect/.m2/repository/buddy/buddy-core/1.4.0/buddy-core-1.4.0.jar
7f45ec91d000-7f45ec926000 r--s 0004f000 08:02 1573408                    /home/elect/.m2/repository/cider/cider-nrepl/0.16.0/cider-nrepl-0.16.0.jar
7f45ec926000-7f45ec92b000 r--s 00034000 08:02 1573432                    /home/elect/.m2/repository/com/google/code/gson/gson/2.7/gson-2.7.jar
7f45ec92b000-7f45ec92d000 r--s 00008000 08:02 1575353                    /home/elect/.m2/repository/com/github/fge/msg-simple/1.1/msg-simple-1.1.jar
7f45ec92d000-7f45ec92f000 r--s 00002000 08:02 1575396                    /home/elect/.m2/repository/org/webjars/webjars-locator/0.27/webjars-locator-0.27.jar
7f45ec92f000-7f45ec930000 r--s 00001000 08:02 1575569                    /home/elect/.m2/repository/ring/ring-headers/0.3.0/ring-headers-0.3.0.jar
7f45ec930000-7f45ec931000 r--s 00001000 08:02 1575469                    /home/elect/.m2/repository/ring/ring-codec/1.0.1/ring-codec-1.0.1.jar
7f45ec931000-7f45ec935000 r--s 0004b000 08:02 1575371                    /home/elect/.m2/repository/com/fasterxml/jackson/core/jackson-core/2.9.3/jackson-core-2.9.3.jar
7f45ec935000-7f45ec97f000 r--s 003a2000 08:02 1575898                    /home/elect/.m2/repository/net/sourceforge/parallelcolt/parallelcolt/0.10.1/parallelcolt-0.10.1.jar
7f45ec97f000-7f45ec980000 ---p 00000000 00:00 0 
7f45ec980000-7f45f0000000 rw-p 00000000 00:00 0 
7f45f0000000-7f45f0021000 rw-p 00000000 00:00 0 
7f45f0021000-7f45f4000000 ---p 00000000 00:00 0 
7f45f4000000-7f45f4021000 rw-p 00000000 00:00 0 
7f45f4021000-7f45f8000000 ---p 00000000 00:00 0 
7f45f8000000-7f45f8021000 rw-p 00000000 00:00 0 
7f45f8021000-7f45fc000000 ---p 00000000 00:00 0 
7f45fc000000-7f45fc001000 r--s 0000e000 08:02 1575417                    /home/elect/.m2/repository/org/clojure/core.async/0.3.465/core.async-0.3.465.jar
7f45fc001000-7f45fc030000 r--s 00226000 08:02 1573427                    /home/elect/.m2/repository/com/google/guava/guava/20.0/guava-20.0.jar
7f45fc030000-7f45fc031000 r--s 0000c000 08:02 1575381                    /home/elect/.m2/repository/org/clojure/tools.reader/1.1.1/tools.reader-1.1.1.jar
7f45fc031000-7f45fc032000 r--s 00053000 08:02 1575633                    /home/elect/.m2/repository/prone/prone/1.1.4/prone-1.1.4.jar
7f45fc032000-7f45fc033000 r--s 00001000 08:02 1573415                    /home/elect/.m2/repository/org/clojure/core.contracts/0.0.1/core.contracts-0.0.1.jar
7f45fc033000-7f45fc035000 r--s 00009000 08:02 1575308                    /home/elect/.m2/repository/org/slf4j/slf4j-api/1.7.25/slf4j-api-1.7.25.jar
7f45fc035000-7f45fc036000 r--s 00001000 08:02 1704153                    /home/elect/.m2/repository/org/clojure/core.memoize/0.5.8/core.memoize-0.5.8.jar
7f45fc036000-7f45fc038000 r--s 00016000 08:02 1704172                    /home/elect/.m2/repository/instaparse/instaparse/1.4.5/instaparse-1.4.5.jar
7f45fc038000-7f45fc03a000 r--s 00005000 08:02 1575621                    /home/elect/.m2/repository/figwheel/figwheel/0.5.14/figwheel-0.5.14.jar
7f45fc03a000-7f45fc03b000 r--s 0000d000 08:02 1575578                    /home/elect/.m2/repository/selmer/selmer/1.11.5/selmer-1.11.5.jar
7f45fc03b000-7f45fc03d000 r--s 00009000 08:02 1051717                    /home/elect/.m2/repository/org/clojure/tools.nrepl/0.2.13/tools.nrepl-0.2.13.jar
7f45fc03d000-7f45fc03f000 r--s 0000c000 08:02 1704139                    /home/elect/.m2/repository/com/github/rwl/JKLU/1.0.0/JKLU-1.0.0.jar
7f45fc03f000-7f45fc041000 r--s 00003000 08:02 1575555                    /home/elect/.m2/repository/cljsjs/create-react-class/15.5.3-0/create-react-class-15.5.3-0.jar
7f45fc041000-7f45fc048000 r--s 00038000 08:02 799565                     /home/elect/.m2/repository/org/apache/xmlgraphics/batik-css/1.8/batik-css-1.8.jar
7f45fc048000-7f45fc058000 r--s 000d3000 08:02 1575505                    /home/elect/.m2/repository/com/chartbeat/opentsdb/com.chartbeat.opentsdb/0.2.1/com.chartbeat.opentsdb-0.2.1.jar
7f45fc058000-7f45fc05b000 ---p 00000000 00:00 0 
7f45fc05b000-7f45fc159000 rw-p 00000000 00:00 0 
7f45fc159000-7f45fc15c000 ---p 00000000 00:00 0 
7f45fc15c000-7f45fc25a000 rw-p 00000000 00:00 0 
7f45fc25a000-7f45fc25d000 ---p 00000000 00:00 0 
7f45fc25d000-7f45fc35b000 rw-p 00000000 00:00 0 
7f45fc35b000-7f45fc35e000 ---p 00000000 00:00 0 
7f45fc35e000-7f45fc45c000 rw-p 00000000 00:00 0 
7f45fc45c000-7f45fc6f7000 r--p 00000000 08:02 4104915                    /usr/lib/locale/locale-archive
7f45fc6f7000-7f45fc6fa000 ---p 00000000 00:00 0 
7f45fc6fa000-7f45fc7f8000 rw-p 00000000 00:00 0 
7f45fc7f8000-7f45fc7fb000 ---p 00000000 00:00 0 
7f45fc7fb000-7f45fc8f9000 rw-p 00000000 00:00 0 
7f45fc8f9000-7f45fc8fa000 ---p 00000000 00:00 0 
7f45fc8fa000-7f45fd000000 rw-p 00000000 00:00 0 
7f45fd000000-7f45fd880000 rwxp 00000000 00:00 0 
7f45fd880000-7f460c000000 ---p 00000000 00:00 0 
7f460c000000-7f460d3c9000 rw-p 00000000 00:00 0 
7f460d3c9000-7f4610000000 ---p 00000000 00:00 0 
7f4610000000-7f4610001000 r--s 00001000 08:02 1575571                    /home/elect/.m2/repository/ring/ring-anti-forgery/1.1.0/ring-anti-forgery-1.1.0.jar
7f4610001000-7f4610004000 r--s 0000a000 08:02 1575306                    /home/elect/.m2/repository/org/projectodd/wunderboss/wunderboss-core/0.13.1/wunderboss-core-0.13.1.jar
7f4610004000-7f4610009000 r--s 00025000 08:02 1575354                    /home/elect/.m2/repository/com/github/fge/json-schema-core/1.2.5/json-schema-core-1.2.5.jar
7f4610009000-7f461000a000 r--s 00004000 08:02 1575476                    /home/elect/.m2/repository/com/layerware/hugsql-core/0.4.8/hugsql-core-0.4.8.jar
7f461000a000-7f461000c000 r--s 00004000 08:02 1575502                    /home/elect/.m2/repository/markdown-clj/markdown-clj/1.0.2/markdown-clj-1.0.2.jar
7f461000c000-7f461000d000 r--s 00003000 08:02 1575581                    /home/elect/.m2/repository/hiccups/hiccups/0.3.0/hiccups-0.3.0.jar
7f461000d000-7f4610013000 r--s 0003f000 08:02 1575312                    /home/elect/.m2/repository/ch/qos/logback/logback-classic/1.1.3/logback-classic-1.1.3.jar
7f4610013000-7f4610014000 r--s 00001000 08:02 1575302                    /home/elect/.m2/repository/org/clojure/tools.macro/0.1.5/tools.macro-0.1.5.jar
7f4610014000-7f4610052000 r--s 00417000 08:02 1573424                    /home/elect/.m2/repository/com/google/javascript/closure-compiler-unshaded/v20170910/closure-compiler-unshaded-v20170910.jar
7f4610052000-7f4610055000 r--s 00011000 08:02 1575603                    /home/elect/.m2/repository/luminus/lein-template/2.9.9.2/lein-template-2.9.9.2.jar
7f4610055000-7f4610056000 r--s 00002000 08:02 1575473                    /home/elect/.m2/repository/conman/conman/0.7.5/conman-0.7.5.jar
7f4610056000-7f4610068000 r--s 00112000 08:02 1575907                    /home/elect/.m2/repository/net/sourceforge/f2j/arpack_combined_all/0.1/arpack_combined_all-0.1.jar
7f4610068000-7f461006c000 r--s 0002f000 08:02 1575404                    /home/elect/.m2/repository/commons-io/commons-io/2.5/commons-io-2.5.jar
7f461006c000-7f4610074000 r--s 00050000 08:02 1182537                    /home/elect/.m2/repository/org/apache/httpcomponents/httpcore-nio/4.4.6/httpcore-nio-4.4.6.jar
7f4610074000-7f4610086000 r--s 000ae000 08:02 1575280                    /home/elect/.m2/repository/org/bouncycastle/bcpkix-jdk15on/1.58/bcpkix-jdk15on-1.58.jar
7f4610086000-7f46100ad000 r--s 001f6000 08:02 665192                     /home/elect/.m2/repository/org/apache/commons/commons-math3/3.6.1/commons-math3-3.6.1.jar
7f46100ad000-7f4610764000 rw-p 00000000 00:00 0 
7f4610764000-7f4610932000 r--s 03c15000 08:02 4331376                    /usr/lib/jvm/java-8-openjdk/jre/lib/rt.jar
7f4610932000-7f4611500000 rw-p 00000000 00:00 0 
7f4611500000-7f4611501000 ---p 00000000 00:00 0 
7f4611501000-7f4611601000 rw-p 00000000 00:00 0 
7f4611601000-7f4611602000 ---p 00000000 00:00 0 
7f4611602000-7f4611702000 rw-p 00000000 00:00 0 
7f4611702000-7f4611703000 ---p 00000000 00:00 0 
7f4611703000-7f4611827000 rw-p 00000000 00:00 0 
7f4611827000-7f4611a3e000 ---p 00000000 00:00 0 
7f4611a3e000-7f4611a62000 rw-p 00000000 00:00 0 
7f4611a62000-7f4611c78000 ---p 00000000 00:00 0 
7f4611c78000-7f4611cb6000 rw-p 00000000 00:00 0 
7f4611cb6000-7f4611d96000 ---p 00000000 00:00 0 
7f4611d96000-7f4611db9000 rw-p 00000000 00:00 0 
7f4611db9000-7f4612157000 ---p 00000000 00:00 0 
7f4612157000-7f461215f000 r-xp 00000000 08:02 4460674                    /usr/lib/jvm/java-8-openjdk/jre/lib/amd64/libzip.so
7f461215f000-7f461235e000 ---p 00008000 08:02 4460674                    /usr/lib/jvm/java-8-openjdk/jre/lib/amd64/libzip.so
7f461235e000-7f461235f000 r--p 00007000 08:02 4460674                    /usr/lib/jvm/java-8-openjdk/jre/lib/amd64/libzip.so
7f461235f000-7f4612360000 rw-p 00008000 08:02 4460674                    /usr/lib/jvm/java-8-openjdk/jre/lib/amd64/libzip.so
7f4612360000-7f461236b000 r-xp 00000000 08:02 4065420                    /usr/lib/libnss_files-2.26.so
7f461236b000-7f461256a000 ---p 0000b000 08:02 4065420                    /usr/lib/libnss_files-2.26.so
7f461256a000-7f461256b000 r--p 0000a000 08:02 4065420                    /usr/lib/libnss_files-2.26.so
7f461256b000-7f461256c000 rw-p 0000b000 08:02 4065420                    /usr/lib/libnss_files-2.26.so
7f461256c000-7f4612572000 rw-p 00000000 00:00 0 
7f4612572000-7f46125a0000 r-xp 00000000 08:02 4460658                    /usr/lib/jvm/java-8-openjdk/jre/lib/amd64/libjava.so
7f46125a0000-7f461279f000 ---p 0002e000 08:02 4460658                    /usr/lib/jvm/java-8-openjdk/jre/lib/amd64/libjava.so
7f461279f000-7f46127a0000 r--p 0002d000 08:02 4460658                    /usr/lib/jvm/java-8-openjdk/jre/lib/amd64/libjava.so
7f46127a0000-7f46127a2000 rw-p 0002e000 08:02 4460658                    /usr/lib/jvm/java-8-openjdk/jre/lib/amd64/libjava.so
7f46127a2000-7f46127af000 r-xp 00000000 08:02 4460648                    /usr/lib/jvm/java-8-openjdk/jre/lib/amd64/libverify.so
7f46127af000-7f46129ae000 ---p 0000d000 08:02 4460648                    /usr/lib/jvm/java-8-openjdk/jre/lib/amd64/libverify.so
7f46129ae000-7f46129b0000 r--p 0000c000 08:02 4460648                    /usr/lib/jvm/java-8-openjdk/jre/lib/amd64/libverify.so
7f46129b0000-7f46129b1000 rw-p 0000e000 08:02 4460648                    /usr/lib/jvm/java-8-openjdk/jre/lib/amd64/libverify.so
7f46129b1000-7f46129b8000 r-xp 00000000 08:02 4065409                    /usr/lib/librt-2.26.so
7f46129b8000-7f4612bb7000 ---p 00007000 08:02 4065409                    /usr/lib/librt-2.26.so
7f4612bb7000-7f4612bb8000 r--p 00006000 08:02 4065409                    /usr/lib/librt-2.26.so
7f4612bb8000-7f4612bb9000 rw-p 00007000 08:02 4065409                    /usr/lib/librt-2.26.so
7f4612bb9000-7f4612d04000 r-xp 00000000 08:02 4065415                    /usr/lib/libm-2.26.so
7f4612d04000-7f4612f03000 ---p 0014b000 08:02 4065415                    /usr/lib/libm-2.26.so
7f4612f03000-7f4612f04000 r--p 0014a000 08:02 4065415                    /usr/lib/libm-2.26.so
7f4612f04000-7f4612f05000 rw-p 0014b000 08:02 4065415                    /usr/lib/libm-2.26.so
7f4612f05000-7f4613ba8000 r-xp 00000000 08:02 4727545                    /usr/lib/jvm/java-8-openjdk/jre/lib/amd64/server/libjvm.so
7f4613ba8000-7f4613da8000 ---p 00ca3000 08:02 4727545                    /usr/lib/jvm/java-8-openjdk/jre/lib/amd64/server/libjvm.so
7f4613da8000-7f4613e3c000 r--p 00ca3000 08:02 4727545                    /usr/lib/jvm/java-8-openjdk/jre/lib/amd64/server/libjvm.so
7f4613e3c000-7f4613e64000 rw-p 00d37000 08:02 4727545                    /usr/lib/jvm/java-8-openjdk/jre/lib/amd64/server/libjvm.so
7f4613e64000-7f4613e95000 rw-p 00000000 00:00 0 
7f4613e95000-7f4614043000 r-xp 00000000 08:02 4065473                    /usr/lib/libc-2.26.so
7f4614043000-7f4614242000 ---p 001ae000 08:02 4065473                    /usr/lib/libc-2.26.so
7f4614242000-7f4614246000 r--p 001ad000 08:02 4065473                    /usr/lib/libc-2.26.so
7f4614246000-7f4614248000 rw-p 001b1000 08:02 4065473                    /usr/lib/libc-2.26.so
7f4614248000-7f461424c000 rw-p 00000000 00:00 0 
7f461424c000-7f461424f000 r-xp 00000000 08:02 4065416                    /usr/lib/libdl-2.26.so
7f461424f000-7f461444e000 ---p 00003000 08:02 4065416                    /usr/lib/libdl-2.26.so
7f461444e000-7f461444f000 r--p 00002000 08:02 4065416                    /usr/lib/libdl-2.26.so
7f461444f000-7f4614450000 rw-p 00003000 08:02 4065416                    /usr/lib/libdl-2.26.so
7f4614450000-7f461445e000 r-xp 00000000 08:02 4595612                    /usr/lib/jvm/java-8-openjdk/jre/lib/amd64/jli/libjli.so
7f461445e000-7f461465d000 ---p 0000e000 08:02 4595612                    /usr/lib/jvm/java-8-openjdk/jre/lib/amd64/jli/libjli.so
7f461465d000-7f461465e000 r--p 0000d000 08:02 4595612                    /usr/lib/jvm/java-8-openjdk/jre/lib/amd64/jli/libjli.so
7f461465e000-7f461465f000 rw-p 0000e000 08:02 4595612                    /usr/lib/jvm/java-8-openjdk/jre/lib/amd64/jli/libjli.so
7f461465f000-7f4614675000 r-xp 00000000 08:02 4076032                    /usr/lib/libz.so.1.2.11
7f4614675000-7f4614874000 ---p 00016000 08:02 4076032                    /usr/lib/libz.so.1.2.11
7f4614874000-7f4614875000 r--p 00015000 08:02 4076032                    /usr/lib/libz.so.1.2.11
7f4614875000-7f4614876000 rw-p 00016000 08:02 4076032                    /usr/lib/libz.so.1.2.11
7f4614876000-7f461488f000 r-xp 00000000 08:02 4065495                    /usr/lib/libpthread-2.26.so
7f461488f000-7f4614a8e000 ---p 00019000 08:02 4065495                    /usr/lib/libpthread-2.26.so
7f4614a8e000-7f4614a8f000 r--p 00018000 08:02 4065495                    /usr/lib/libpthread-2.26.so
7f4614a8f000-7f4614a90000 rw-p 00019000 08:02 4065495                    /usr/lib/libpthread-2.26.so
7f4614a90000-7f4614a94000 rw-p 00000000 00:00 0 
7f4614a94000-7f4614ab9000 r-xp 00000000 08:02 4065474                    /usr/lib/ld-2.26.so
7f4614ab9000-7f4614abc000 r--s 000cf000 08:02 1575437                    /home/elect/.m2/repository/net/java/dev/jna/jna/3.2.2/jna-3.2.2.jar
7f4614abc000-7f4614abe000 r--s 00006000 08:02 1575318                    /home/elect/.m2/repository/org/projectodd/wunderboss/wunderboss-web/0.13.1/wunderboss-web-0.13.1.jar
7f4614abe000-7f4614abf000 r--s 00001000 08:02 1575457                    /home/elect/.m2/repository/tigris/tigris/0.1.1/tigris-0.1.1.jar
7f4614abf000-7f4614ac1000 r--s 00004000 08:02 1706492                    /home/elect/.m2/repository/sablono/sablono/0.8.0/sablono-0.8.0.jar
7f4614ac1000-7f4614ac3000 r--s 00011000 08:02 1575899                    /home/elect/.m2/repository/com/fasterxml/jackson/dataformat/jackson-dataformat-smile/2.7.3/jackson-dataformat-smile-2.7.3.jar
7f4614ac3000-7f4614ac4000 r--s 00003000 08:02 1575556                    /home/elect/.m2/repository/reagent-utils/reagent-utils/0.2.1/reagent-utils-0.2.1.jar
7f4614ac4000-7f4614ac5000 r--s 00001000 08:02 1575460                    /home/elect/.m2/repository/net/colourcoding/poppea/0.2.1/poppea-0.2.1.jar
7f4614ac5000-7f4614ac8000 r--s 00013000 08:02 1704162                    /home/elect/.m2/repository/us/bpsm/edn-java/0.4.7/edn-java-0.4.7.jar
7f4614ac8000-7f4614b8e000 rw-p 00000000 00:00 0 
7f4614b8e000-7f4614b91000 ---p 00000000 00:00 0 
7f4614b91000-7f4614c93000 rw-p 00000000 00:00 0 
7f4614c93000-7f4614c94000 r--s 00005000 08:02 1575453                    /home/elect/.m2/repository/clj-time/clj-time/0.14.2/clj-time-0.14.2.jar
7f4614c94000-7f4614c95000 r--s 00001000 08:02 533018                     /home/elect/.m2/repository/org/clojure/tools.logging/0.4.0/tools.logging-0.4.0.jar
7f4614c95000-7f4614c97000 r--s 00004000 08:02 1575544                    /home/elect/.m2/repository/metosin/ring-http-response/0.9.0/ring-http-response-0.9.0.jar
7f4614c97000-7f4614c98000 r--s 00001000 08:02 1575486                    /home/elect/.m2/repository/cprop/cprop/0.1.11/cprop-0.1.11.jar
7f4614c98000-7f4614c9e000 r--s 00040000 08:02 1575291                    /home/elect/.m2/repository/org/msgpack/msgpack/0.6.12/msgpack-0.6.12.jar
7f4614c9e000-7f4614c9f000 r--s 00012000 08:02 1575491                    /home/elect/.m2/repository/funcool/cuerdas/2.0.5/cuerdas-2.0.5.jar
7f4614c9f000-7f4614ca0000 r--s 00001000 08:02 1575519                    /home/elect/.m2/repository/org/tobereplaced/lettercase/1.0.0/lettercase-1.0.0.jar
7f4614ca0000-7f4614ca2000 r--s 00009000 08:02 1575423                    /home/elect/.m2/repository/org/apache/httpcomponents/httpmime/4.5.3/httpmime-4.5.3.jar
7f4614ca2000-7f4614ca9000 r--s 00064000 08:02 665181                     /home/elect/.m2/repository/org/apache/commons/commons-lang3/3.4/commons-lang3-3.4.jar
7f4614ca9000-7f4614caa000 r--s 00001000 08:02 1182527                    /home/elect/.m2/repository/org/tcrawley/dynapath/1.0.0/dynapath-1.0.0.jar
7f4614caa000-7f4614cad000 r--s 00018000 08:02 799567                     /home/elect/.m2/repository/org/apache/xmlgraphics/batik-util/1.8/batik-util-1.8.jar
7f4614cad000-7f4614cae000 r--s 00001000 08:02 1575282                    /home/elect/.m2/repository/com/cognitect/transit-clj/0.8.300/transit-clj-0.8.300.jar
7f4614cae000-7f4614cb6000 rw-s 00000000 00:26 1122420                    /tmp/hsperfdata_elect/16374
7f4614cb6000-7f4614cb7000 rw-p 00000000 00:00 0 
7f4614cb7000-7f4614cb8000 ---p 00000000 00:00 0 
7f4614cb8000-7f4614cb9000 r--p 00024000 08:02 4065474                    /usr/lib/ld-2.26.so
7f4614cb9000-7f4614cba000 rw-p 00025000 08:02 4065474                    /usr/lib/ld-2.26.so
7f4614cba000-7f4614cbb000 rw-p 00000000 00:00 0 
7fff8b63e000-7fff8b665000 rw-p 00000000 00:00 0                          [stack]
7fff8b79c000-7fff8b79f000 r--p 00000000 00:00 0                          [vvar]
7fff8b79f000-7fff8b7a1000 r-xp 00000000 00:00 0                          [vdso]
ffffffffff600000-ffffffffff601000 r-xp 00000000 00:00 0                  [vsyscall]

VM Arguments:
jvm_args: -Dfile.encoding=UTF-8 -Dconf=dev-config.edn -Dclojure.compile.path=null -D.version=null -Dclojure.debug=false 
java_command: clojure.main -i /tmp/form-init4030794518132860098.clj
java_class_path (initial): /home/elect/GitHub/fool/.lein-git-deps/clj-arima/src:/home/elect/GitHub/fool/env/dev/clj:/home/elect/GitHub/fool/src/clj:/home/elect/GitHub/fool/src/cljc:/home/elect/GitHub/fool/src/cljs:/home/elect/GitHub/fool/src/cljc:/home/elect/GitHub/fool/env/dev/cljs:/home/elect/GitHub/fool/env/dev/resources:/home/elect/GitHub/fool/dev-resources:/home/elect/GitHub/fool/resources:/home/elect/GitHub/fool/target/cljsbuild:/home/elect/.m2/repository/org/apache/commons/commons-math3/3.6.1/commons-math3-3.6.1.jar:/home/elect/.m2/repository/com/cognitect/transit-clj/0.8.300/transit-clj-0.8.300.jar:/home/elect/.m2/repository/org/apache/xmlgraphics/batik-util/1.8/batik-util-1.8.jar:/home/elect/.m2/repository/org/tcrawley/dynapath/1.0.0/dynapath-1.0.0.jar:/home/elect/.m2/repository/org/apache/commons/commons-lang3/3.4/commons-lang3-3.4.jar:/home/elect/.m2/repository/org/apache/httpcomponents/httpmime/4.5.3/httpmime-4.5.3.jar:/home/elect/.m2/repository/org/tobereplaced/lettercase/1.0.0/lettercase-1.0.0.jar:/home/elect/.m2/repository/funcool/cuerdas/2.0.5/cuerdas-2.0.5.jar:/home/elect/.m2/repository/org/msgpack/msgpack/0.6.12/msgpack-0.6.12.jar:/home/elect/.m2/repository/cprop/cprop/0.1.11/cprop-0.1.11.jar:/home/elect/.m2/repository/metosin/ring-http-response/0.9.0/ring-http-response-0.9.0.jar:/home/elect/.m2/repository/org/clojure/tools.logging/0.4.0/tools.logging-0.4.0.jar:/home/elect/.m2/repository/us/bpsm/edn-java/0.4.7/edn-java-0.4.7.jar:/home/elect/.m2/repository/clj-time/clj-time/0.14.2/clj-time-0.14.2.jar:/home/elect/.m2/repository/net/colourcoding/poppea/0.2.1/poppea-0.2.1.jar:/home/elect/.m2/repository/reagent-utils/reagent-utils/0.2.1/reagent-utils-0.2.1.jar:/home/elect/.m2/repository/com/fasterxml/jackson/dataformat/jackson-dataformat-smile/2.7.3/jackson-dataformat-smile-2.7.3.jar:/home/elect/.m2/repository/org/bouncycastle/bcpkix-jdk15on/1.58/bcpkix-jdk15on-1.58.jar:/home/elect/.m2/repository/sablono/sablono/0.8.0/sablono-0.8.0.jar:/home/elect/.m2
Launcher Type: SUN_STANDARD

Environment Variables:
JAVA_HOME=/usr/lib/jvm/java-8-openjdk
PATH=/usr/local/hadoop//bin:/usr/local/hadoop//bin:/usr/local/bin:/usr/bin:/bin:/usr/local/sbin:/usr/lib/jvm/default/bin:/usr/bin/site_perl:/usr/bin/vendor_perl:/usr/bin/core_perl:/usr/lib/jvm/default/bin:/usr/bin/site_perl:/usr/bin/vendor_perl:/usr/bin/core_perl:/usr/local/hadoop/bin:/usr/local/hadoop/sbin:/usr/local/hadoop/bin/:HADOOP:/usr/local/hadoop/bin:/usr/local/hadoop/sbin:/usr/local/hadoop/bin/:/usr/local/hadoop/bin:/usr/local/hadoop/sbin:/usr/local/hadoop/bin/
SHELL=/bin/bash
DISPLAY=:0

Signal Handlers:
SIGSEGV: [libjvm.so+0xaa46c0], sa_mask[0]=11111111011111111101111111111110, sa_flags=SA_RESTART|SA_SIGINFO
SIGBUS: [libjvm.so+0xaa46c0], sa_mask[0]=11111111011111111101111111111110, sa_flags=SA_RESTART|SA_SIGINFO
SIGFPE: [libjvm.so+0x8dc3d0], sa_mask[0]=11111111011111111101111111111110, sa_flags=SA_RESTART|SA_SIGINFO
SIGPIPE: [libjvm.so+0x8dc3d0], sa_mask[0]=11111111011111111101111111111110, sa_flags=SA_RESTART|SA_SIGINFO
SIGXFSZ: [libjvm.so+0x8dc3d0], sa_mask[0]=11111111011111111101111111111110, sa_flags=SA_RESTART|SA_SIGINFO
SIGILL: [libjvm.so+0x8dc3d0], sa_mask[0]=11111111011111111101111111111110, sa_flags=SA_RESTART|SA_SIGINFO
SIGUSR1: SIG_DFL, sa_mask[0]=00000000000000000000000000000000, sa_flags=none
SIGUSR2: [libjvm.so+0x8dc280], sa_mask[0]=00100000000000000000000000000000, sa_flags=SA_RESTART|SA_SIGINFO
SIGHUP: [libjvm.so+0x8dc730], sa_mask[0]=11111111011111111101111111111110, sa_flags=SA_RESTART|SA_SIGINFO
SIGINT: [libjvm.so+0x8dc730], sa_mask[0]=11111111011111111101111111111110, sa_flags=SA_RESTART|SA_SIGINFO
SIGTERM: [libjvm.so+0x8dc730], sa_mask[0]=11111111011111111101111111111110, sa_flags=SA_RESTART|SA_SIGINFO
SIGQUIT: [libjvm.so+0x8dc730], sa_mask[0]=11111111011111111101111111111110, sa_flags=SA_RESTART|SA_SIGINFO


---------------  S Y S T E M  ---------------

OS:LSB_VERSION=1.4
DISTRIB_ID=Arch
DISTRIB_RELEASE=rolling
DISTRIB_DESCRIPTION="Arch Linux"

uname:Linux 4.14.13-1-ARCH #1 SMP PREEMPT Wed Jan 10 11:14:50 UTC 2018 x86_64
libc:glibc 2.26 NPTL 2.26 
rlimit: STACK 8515k, CORE infinity, NPROC 27228, NOFILE 4096, AS infinity
load average:2.20 0.60 0.38

/proc/meminfo:
MemTotal:        7009472 kB
MemFree:          121816 kB
MemAvailable:      36068 kB
Buffers:            1512 kB
Cached:           164088 kB
SwapCached:            0 kB
Active:          6642556 kB
Inactive:          83948 kB
Active(anon):    6611168 kB
Inactive(anon):    52728 kB
Active(file):      31388 kB
Inactive(file):    31220 kB
Unevictable:          32 kB
Mlocked:              32 kB
SwapTotal:             0 kB
SwapFree:              0 kB
Dirty:               272 kB
Writeback:             0 kB
AnonPages:       6561076 kB
Mapped:           110660 kB
Shmem:            103500 kB
Slab:              56332 kB
SReclaimable:      26708 kB
SUnreclaim:        29624 kB
KernelStack:       18784 kB
PageTables:        49816 kB
NFS_Unstable:          0 kB
Bounce:                0 kB
WritebackTmp:          0 kB
CommitLimit:     3504736 kB
Committed_AS:   13086956 kB
VmallocTotal:   34359738367 kB
VmallocUsed:           0 kB
VmallocChunk:          0 kB
HardwareCorrupted:     0 kB
AnonHugePages:   4018176 kB
ShmemHugePages:        0 kB
ShmemPmdMapped:        0 kB
HugePages_Total:       0
HugePages_Free:        0
HugePages_Rsvd:        0
HugePages_Surp:        0
Hugepagesize:       2048 kB
DirectMap4k:      117164 kB
DirectMap2M:     7092224 kB


CPU:total 3 (initial active 3) (3 cores per cpu, 1 threads per core) family 6 model 94 stepping 3, cmov, cx8, fxsr, mmx, sse, sse2, sse3, ssse3, sse4.1, sse4.2, popcnt, avx, aes, clmul, 3dnowpref, lzcnt, tsc, tscinvbit

/proc/cpuinfo:
processor	: 0
vendor_id	: GenuineIntel
cpu family	: 6
model		: 94
model name	: Intel(R) Core(TM) i7-6700 CPU @ 3.40GHz
stepping	: 3
cpu MHz		: 3407.998
cache size	: 8192 KB
physical id	: 0
siblings	: 3
core id		: 0
cpu cores	: 3
apicid		: 0
initial apicid	: 0
fpu		: yes
fpu_exception	: yes
cpuid level	: 22
wp		: yes
flags		: fpu vme de pse tsc msr pae mce cx8 apic sep mtrr pge mca cmov pat pse36 clflush mmx fxsr sse sse2 ht syscall nx rdtscp lm constant_tsc rep_good nopl xtopology nonstop_tsc cpuid pni pclmulqdq ssse3 cx16 sse4_1 sse4_2 x2apic movbe popcnt aes xsave avx rdrand hypervisor lahf_lm abm 3dnowprefetch pti rdseed clflushopt
bugs		: cpu_meltdown
bogomips	: 6818.99
clflush size	: 64
cache_alignment	: 64
address sizes	: 39 bits physical, 48 bits virtual
power management:

processor	: 1
vendor_id	: GenuineIntel
cpu family	: 6
model		: 94
model name	: Intel(R) Core(TM) i7-6700 CPU @ 3.40GHz
stepping	: 3
cpu MHz		: 3407.998
cache size	: 8192 KB
physical id	: 0
siblings	: 3
core id		: 1
cpu cores	: 3
apicid		: 1
initial apicid	: 1
fpu		: yes
fpu_exception	: yes
cpuid level	: 22
wp		: yes
flags		: fpu vme de pse tsc msr pae mce cx8 apic sep mtrr pge mca cmov pat pse36 clflush mmx fxsr sse sse2 ht syscall nx rdtscp lm constant_tsc rep_good nopl xtopology nonstop_tsc cpuid pni pclmulqdq ssse3 cx16 sse4_1 sse4_2 x2apic movbe popcnt aes xsave avx rdrand hypervisor lahf_lm abm 3dnowprefetch pti rdseed clflushopt
bugs		: cpu_meltdown
bogomips	: 6818.99
clflush size	: 64
cache_alignment	: 64
address sizes	: 39 bits physical, 48 bits virtual
power management:

processor	: 2
vendor_id	: GenuineIntel
cpu family	: 6
model		: 94
model name	: Intel(R) Core(TM) i7-6700 CPU @ 3.40GHz
stepping	: 3
cpu MHz		: 3407.998
cache size	: 8192 KB
physical id	: 0
siblings	: 3
core id		: 2
cpu cores	: 3
apicid		: 2
initial apicid	: 2
fpu		: yes
fpu_exception	: yes
cpuid level	: 22
wp		: yes
flags		: fpu vme de pse tsc msr pae mce cx8 apic sep mtrr pge mca cmov pat pse36 clflush mmx fxsr sse sse2 ht syscall nx rdtscp lm constant_tsc rep_good nopl xtopology nonstop_tsc cpuid pni pclmulqdq ssse3 cx16 sse4_1 sse4_2 x2apic movbe popcnt aes xsave avx rdrand hypervisor lahf_lm abm 3dnowprefetch pti rdseed clflushopt
bugs		: cpu_meltdown
bogomips	: 6818.99
clflush size	: 64
cache_alignment	: 64
address sizes	: 39 bits physical, 48 bits virtual
power management:



Memory: 4k page, physical 7009472k(121816k free), swap 0k(0k free)

vm_info: OpenJDK 64-Bit Server VM (25.144-b01) for linux-amd64 JRE (1.8.0_144-b01), built on Jul 28 2017 20:07:18 by "builduser" with gcc 7.1.1 20170630

time: Wed Jan 17 11:09:41 2018
elapsed time: 7 seconds (0d 0h 0m 7s)

